19:54:27.016 INFO  - Starting LogMonitoringApplicationTests on mehmet with PID 5627 (started by root in /home/mehmet/IdeaProjects/log-monitoring)
19:54:27.018 DEBUG - Running with Spring Boot v2.1.6.RELEASE, Spring v5.1.8.RELEASE
19:54:27.019 INFO  - No active profile set, falling back to default profiles: default
19:54:29.986 INFO  - Started LogMonitoringApplicationTests in 3.162 seconds (JVM running for 3.994)
20:09:46.445 INFO  - Starting LogMonitoringApplicationTests on mehmet with PID 10258 (started by root in /home/mehmet/IdeaProjects/log-monitoring)
20:09:46.446 DEBUG - Running with Spring Boot v2.1.6.RELEASE, Spring v5.1.8.RELEASE
20:09:46.446 INFO  - No active profile set, falling back to default profiles: default
20:09:49.495 INFO  - Started LogMonitoringApplicationTests in 3.26 seconds (JVM running for 4.111)
20:12:41.509 INFO  - Starting LogMonitoringApplicationTests on mehmet with PID 12345 (started by root in /home/mehmet/IdeaProjects/log-monitoring)
20:12:41.510 DEBUG - Running with Spring Boot v2.1.6.RELEASE, Spring v5.1.8.RELEASE
20:12:41.510 INFO  - No active profile set, falling back to default profiles: default
20:12:44.857 INFO  - Started LogMonitoringApplicationTests in 3.552 seconds (JVM running for 4.404)
20:29:28.367 INFO  - Starting LogMonitoringApplication on mehmet with PID 15642 (/home/mehmet/IdeaProjects/log-monitoring/target/classes started by mehmet in /home/mehmet/IdeaProjects/log-monitoring)
20:29:28.369 DEBUG - Running with Spring Boot v2.1.6.RELEASE, Spring v5.1.8.RELEASE
20:29:28.370 INFO  - No active profile set, falling back to default profiles: default
20:30:51.048 INFO  - Starting LogMonitoringApplication on mehmet with PID 15875 (/home/mehmet/IdeaProjects/log-monitoring/target/classes started by mehmet in /home/mehmet/IdeaProjects/log-monitoring)
20:30:51.050 DEBUG - Running with Spring Boot v2.1.6.RELEASE, Spring v5.1.8.RELEASE
20:30:51.051 INFO  - No active profile set, falling back to default profiles: default
20:33:57.863 INFO  - Starting LogMonitoringApplicationTests on mehmet with PID 16755 (started by root in /home/mehmet/IdeaProjects/log-monitoring)
20:33:57.863 DEBUG - Running with Spring Boot v2.1.6.RELEASE, Spring v5.1.8.RELEASE
20:33:57.864 INFO  - No active profile set, falling back to default profiles: default
20:50:05.061 INFO  - Starting LogMonitoringApplication on mehmet with PID 17434 (/home/mehmet/IdeaProjects/log-monitoring/target/classes started by mehmet in /home/mehmet/IdeaProjects/log-monitoring)
20:50:05.062 DEBUG - Running with Spring Boot v2.1.6.RELEASE, Spring v5.1.8.RELEASE
20:50:05.063 INFO  - No active profile set, falling back to default profiles: default
20:53:34.635 INFO  - Starting LogMonitoringApplication on mehmet with PID 17858 (/home/mehmet/IdeaProjects/log-monitoring/target/classes started by mehmet in /home/mehmet/IdeaProjects/log-monitoring)
20:53:34.638 DEBUG - Running with Spring Boot v2.1.6.RELEASE, Spring v5.1.8.RELEASE
20:53:34.638 INFO  - No active profile set, falling back to default profiles: default
20:55:36.866 INFO  - Starting LogMonitoringApplication on mehmet with PID 18133 (/home/mehmet/IdeaProjects/log-monitoring/target/classes started by mehmet in /home/mehmet/IdeaProjects/log-monitoring)
20:55:36.868 DEBUG - Running with Spring Boot v2.1.6.RELEASE, Spring v5.1.8.RELEASE
20:55:36.869 INFO  - No active profile set, falling back to default profiles: default
20:57:33.960 INFO  - Starting LogMonitoringApplication on mehmet with PID 18299 (/home/mehmet/IdeaProjects/log-monitoring/target/classes started by mehmet in /home/mehmet/IdeaProjects/log-monitoring)
20:57:33.963 DEBUG - Running with Spring Boot v2.1.6.RELEASE, Spring v5.1.8.RELEASE
20:57:33.963 INFO  - No active profile set, falling back to default profiles: default
20:57:47.640 INFO  - Starting LogMonitoringApplication on mehmet with PID 18380 (/home/mehmet/IdeaProjects/log-monitoring/target/classes started by mehmet in /home/mehmet/IdeaProjects/log-monitoring)
20:57:47.642 DEBUG - Running with Spring Boot v2.1.6.RELEASE, Spring v5.1.8.RELEASE
20:57:47.642 INFO  - No active profile set, falling back to default profiles: default
21:01:30.943 INFO  - Starting LogMonitoringApplication on mehmet with PID 18962 (/home/mehmet/IdeaProjects/log-monitoring/target/classes started by mehmet in /home/mehmet/IdeaProjects/log-monitoring)
21:01:30.944 DEBUG - Running with Spring Boot v2.1.6.RELEASE, Spring v5.1.8.RELEASE
21:01:30.945 INFO  - No active profile set, falling back to default profiles: default
21:05:16.641 INFO  - Starting LogMonitoringApplication on mehmet with PID 19599 (/home/mehmet/IdeaProjects/log-monitoring/target/classes started by mehmet in /home/mehmet/IdeaProjects/log-monitoring)
21:05:16.643 DEBUG - Running with Spring Boot v2.1.6.RELEASE, Spring v5.1.8.RELEASE
21:05:16.644 INFO  - No active profile set, falling back to default profiles: default
22:40:57.406 INFO  - Starting LogMonitoringApplication on mehmet with PID 22032 (/home/mehmet/IdeaProjects/log-monitoring/target/classes started by mehmet in /home/mehmet/IdeaProjects/log-monitoring)
22:40:57.409 DEBUG - Running with Spring Boot v2.1.6.RELEASE, Spring v5.1.8.RELEASE
22:40:57.410 INFO  - No active profile set, falling back to default profiles: default
22:41:34.822 INFO  - Starting LogMonitoringApplication on mehmet with PID 22215 (/home/mehmet/IdeaProjects/log-monitoring/target/classes started by mehmet in /home/mehmet/IdeaProjects/log-monitoring)
22:41:34.823 DEBUG - Running with Spring Boot v2.1.6.RELEASE, Spring v5.1.8.RELEASE
22:41:34.824 INFO  - No active profile set, falling back to default profiles: default
22:42:08.157 INFO  - Starting LogMonitoringApplication on mehmet with PID 22298 (/home/mehmet/IdeaProjects/log-monitoring/target/classes started by mehmet in /home/mehmet/IdeaProjects/log-monitoring)
22:42:08.159 DEBUG - Running with Spring Boot v2.1.6.RELEASE, Spring v5.1.8.RELEASE
22:42:08.159 INFO  - No active profile set, falling back to default profiles: default
22:42:41.262 INFO  - Starting LogMonitoringApplication on mehmet with PID 22446 (/home/mehmet/IdeaProjects/log-monitoring/target/classes started by mehmet in /home/mehmet/IdeaProjects/log-monitoring)
22:42:41.265 DEBUG - Running with Spring Boot v2.1.6.RELEASE, Spring v5.1.8.RELEASE
22:42:41.265 INFO  - No active profile set, falling back to default profiles: default
22:43:32.256 INFO  - Starting LogMonitoringApplication on mehmet with PID 22744 (/home/mehmet/IdeaProjects/log-monitoring/target/classes started by mehmet in /home/mehmet/IdeaProjects/log-monitoring)
22:43:32.258 DEBUG - Running with Spring Boot v2.1.6.RELEASE, Spring v5.1.8.RELEASE
22:43:32.258 INFO  - No active profile set, falling back to default profiles: default
22:43:54.791 INFO  - Starting LogMonitoringApplication on mehmet with PID 22824 (/home/mehmet/IdeaProjects/log-monitoring/target/classes started by mehmet in /home/mehmet/IdeaProjects/log-monitoring)
22:43:54.793 DEBUG - Running with Spring Boot v2.1.6.RELEASE, Spring v5.1.8.RELEASE
22:43:54.794 INFO  - No active profile set, falling back to default profiles: default
22:57:21.619 INFO  - Starting LogMonitoringApplication on mehmet with PID 23683 (/home/mehmet/IdeaProjects/log-monitoring/target/classes started by mehmet in /home/mehmet/IdeaProjects/log-monitoring)
22:57:21.621 DEBUG - Running with Spring Boot v2.1.6.RELEASE, Spring v5.1.8.RELEASE
22:57:21.622 INFO  - No active profile set, falling back to default profiles: default
22:59:00.542 INFO  - Starting LogMonitoringApplication on mehmet with PID 23803 (/home/mehmet/IdeaProjects/log-monitoring/target/classes started by mehmet in /home/mehmet/IdeaProjects/log-monitoring)
22:59:00.545 DEBUG - Running with Spring Boot v2.1.6.RELEASE, Spring v5.1.8.RELEASE
22:59:00.546 INFO  - No active profile set, falling back to default profiles: default
23:00:32.083 INFO  - Starting LogMonitoringApplicationTests on mehmet with PID 24269 (started by root in /home/mehmet/IdeaProjects/log-monitoring)
23:00:32.083 DEBUG - Running with Spring Boot v2.1.6.RELEASE, Spring v5.1.8.RELEASE
23:00:32.084 INFO  - No active profile set, falling back to default profiles: default
23:13:01.012 INFO  - Starting LogMonitoringApplicationTests on mehmet with PID 27080 (started by root in /home/mehmet/IdeaProjects/log-monitoring)
23:13:01.013 DEBUG - Running with Spring Boot v2.1.6.RELEASE, Spring v5.1.8.RELEASE
23:13:01.014 INFO  - No active profile set, falling back to default profiles: default
23:21:37.698 INFO  - Starting LogMonitoringApplication on mehmet with PID 29428 (/home/mehmet/IdeaProjects/log-monitoring/target/classes started by mehmet in /home/mehmet/IdeaProjects/log-monitoring)
23:21:37.700 DEBUG - Running with Spring Boot v2.1.6.RELEASE, Spring v5.1.8.RELEASE
23:21:37.701 INFO  - No active profile set, falling back to default profiles: default
23:21:51.784 INFO  - Starting LogMonitoringApplicationTests on mehmet with PID 29547 (started by root in /home/mehmet/IdeaProjects/log-monitoring)
23:21:51.784 DEBUG - Running with Spring Boot v2.1.6.RELEASE, Spring v5.1.8.RELEASE
23:21:51.785 INFO  - No active profile set, falling back to default profiles: default
